<?xml version="1.0" encoding="UTF-8"?>
<!-- Generated by org.testng.reporters.JUnitReportReporter -->
<testsuite skipped="0" hostname="INGUEUCLP000666" name="handledropdown.BootStrapDropdown3" tests="1" failures="0" timestamp="12 Sep 2019 19:20:32 GMT" time="12.464" errors="0">
  <testcase name="dropdownselect" time="12.464" classname="handledropdown.BootStrapDropdown3"/>
</testsuite> <!-- handledropdown.BootStrapDropdown3 -->
