<?xml version="1.0" encoding="UTF-8"?>
<!-- Generated by org.testng.reporters.JUnitReportReporter -->
<testsuite skipped="0" hostname="INGUEUCLP000666" name="refelectionAPI.ReflectionDemo" tests="2" failures="0" timestamp="2019-10-07T02:29:35 IST" time="0.016" errors="0">
  <testcase name="Reflection" time="0.012" classname="refelectionAPI.ReflectionDemo"/>
  <testcase name="show" time="0.004" classname="refelectionAPI.ReflectionDemo"/>
</testsuite> <!-- refelectionAPI.ReflectionDemo -->
