<?xml version="1.0" encoding="UTF-8"?>
<!-- Generated by org.testng.reporters.JUnitReportReporter -->
<testsuite hostname="INGUEUCLP000666" failures="0" tests="1" name="handledropdown.NewWindowsorTabs" time="18.595" errors="0" timestamp="2019-10-27T14:44:31 IST" skipped="0">
  <testcase classname="handledropdown.NewWindowsorTabs" name="MultipleTab" time="18.595"/>
</testsuite> <!-- handledropdown.NewWindowsorTabs -->
