<?xml version="1.0" encoding="UTF-8"?>
<!-- Generated by org.testng.reporters.JUnitReportReporter -->
<testsuite skipped="0" hostname="INGUEUCLP000666" name="handledropdown.Assignment1" tests="1" failures="0" timestamp="12 Sep 2019 18:14:38 GMT" time="21.134" errors="0">
  <testcase name="dropdownselection" time="21.134" classname="handledropdown.Assignment1"/>
</testsuite> <!-- handledropdown.Assignment1 -->
