<?xml version="1.0" encoding="UTF-8"?>
<!-- Generated by org.testng.reporters.JUnitReportReporter -->
<testsuite hostname="INGUEUCLP000666" failures="0" tests="1" name="handledropdown.RelativeLocators2" time="0.326" errors="0" timestamp="2019-10-27T13:40:05 IST" skipped="0">
  <testcase classname="handledropdown.RelativeLocators2" name="dropdownselection" time="0.326"/>
</testsuite> <!-- handledropdown.RelativeLocators2 -->
