<?xml version="1.0" encoding="UTF-8"?>
<!-- Generated by org.testng.reporters.JUnitReportReporter -->
<testsuite skipped="0" hostname="INGUEUCLP000666" name="handledropdown.TestNGMethods" tests="3" failures="0" timestamp="12 Sep 2019 18:51:07 GMT" time="0.024" errors="0">
  <testcase name="dologin" time="0.011" classname="handledropdown.TestNGMethods"/>
  <testcase name="userRegistration" time="0.005" classname="handledropdown.TestNGMethods"/>
  <testcase name="accountopen" time="0.008" classname="handledropdown.TestNGMethods"/>
</testsuite> <!-- handledropdown.TestNGMethods -->
