<?xml version="1.0" encoding="UTF-8"?>
<!-- Generated by org.testng.reporters.JUnitReportReporter -->
<testsuite hostname="INGUEUCLP000666" failures="0" tests="1" name="handledropdown.WebTableDemo" time="10.290" errors="0" timestamp="2019-11-02T02:39:55 IST" skipped="0">
  <testcase classname="handledropdown.WebTableDemo" name="Drop" time="10.290"/>
</testsuite> <!-- handledropdown.WebTableDemo -->
