<?xml version="1.0" encoding="UTF-8"?>
<!-- Generated by org.testng.reporters.JUnitReportReporter -->
<testsuite hostname="INGUEUCLP000666" failures="0" tests="1" name="handledropdown.RelativeLocators3" time="0.425" errors="0" timestamp="2019-10-27T14:04:02 IST" skipped="0">
  <testcase classname="handledropdown.RelativeLocators3" name="dropdownselection" time="0.425"/>
</testsuite> <!-- handledropdown.RelativeLocators3 -->
