<?xml version="1.0" encoding="UTF-8"?>
<!-- Generated by org.testng.reporters.JUnitReportReporter -->
<testsuite hostname="INGUEUCLP000666" failures="0" tests="1" name="handledropdown.RelativeLocators" time="0.340" errors="0" timestamp="2019-10-27T13:34:08 IST" skipped="0">
  <testcase classname="handledropdown.RelativeLocators" name="dropdownselection" time="0.340"/>
</testsuite> <!-- handledropdown.RelativeLocators -->
