<?xml version="1.0" encoding="UTF-8"?>
<!-- Generated by org.testng.reporters.JUnitReportReporter -->
<testsuite hostname="INGUEUCLP000666" failures="0" tests="1" name="passwordencryption.ActionClassMouseHowerDemo" time="11.193" errors="0" timestamp="2019-10-27T15:18:43 IST" skipped="0">
  <testcase classname="passwordencryption.ActionClassMouseHowerDemo" name="passwordEncryptions" time="11.193"/>
</testsuite> <!-- passwordencryption.ActionClassMouseHowerDemo -->
