<?xml version="1.0" encoding="UTF-8"?>
<!-- Generated by org.testng.reporters.JUnitReportReporter -->
<testsuite skipped="0" hostname="INGUEUCLP000666" name="handledropdown.CaptureScreenshot2" tests="1" failures="0" timestamp="12 Sep 2019 19:30:39 GMT" time="6.834" errors="0">
  <testcase name="captureScreenshot" time="6.834" classname="handledropdown.CaptureScreenshot2"/>
</testsuite> <!-- handledropdown.CaptureScreenshot2 -->
